<?xml version="1.0" encoding="UTF-8"?>
<!-- Generated by org.testng.reporters.JUnitXMLReporter -->
<testsuite hostname="YMLs-Mac-mini.local" name="testsuite-1" tests="5" failures="2" timestamp="3 May 2017 12:49:02 GMT" time="133.265" errors="0">
  <testcase name="how_it_works" time="28.324" classname="com.chefd.SanityCases"/>
  <testcase name="email_Gifts_Card" time="16.643" classname="com.chefd.SanityCases"/>
  <testcase name="add_Receipe_To_cart_from_AllMeals" time="47.397" classname="com.chefd.SanityCases">
    <failure type="java.lang.AssertionError" message="Adding Physical Gift Card to the cart Failed expected [true] but found [false]">
      <![CDATA[java.lang.AssertionError: Adding Physical Gift Card to the cart Failed expected [true] but found [false]
	at com.chefd.SanityCases.add_Receipe_To_cart_from_AllMeals(SanityCases.java:41)
... Removed 27 stack frames]]>
    </failure>
  </testcase> <!-- add_Receipe_To_cart_from_AllMeals -->
  <testcase name="log_in" time="25.102" classname="com.chefd.SanityCases">
    <failure type="java.lang.AssertionError" message="Adding Physical Gift Card to the cart Failed expected [true] but found [false]">
      <![CDATA[java.lang.AssertionError: Adding Physical Gift Card to the cart Failed expected [true] but found [false]
	at com.chefd.SanityCases.log_in(SanityCases.java:48)
... Removed 27 stack frames]]>
    </failure>
  </testcase> <!-- log_in -->
  <testcase name="regular_Checkout" time="0.0" classname="com.chefd.SanityCases">
    <skipped/>
  </testcase> <!-- regular_Checkout -->
</testsuite> <!-- testsuite-1 -->
