<?xml version="1.0" encoding="UTF-8"?>
<!-- Generated by org.testng.reporters.JUnitXMLReporter -->
<testsuite hostname="YMLs-Mac-mini.local" name="testsuite-2" tests="1" failures="1" timestamp="3 May 2017 12:49:42 GMT" time="35.514" errors="0">
  <testcase name="physical_Gifts_Card" time="31.413" classname="com.chefd.SanityCases">
    <failure type="java.lang.AssertionError" message="Adding Physical Gift Card to the cart Failed expected [true] but found [false]">
      <![CDATA[java.lang.AssertionError: Adding Physical Gift Card to the cart Failed expected [true] but found [false]
	at com.chefd.SanityCases.physical_Gifts_Card(SanityCases.java:33)
... Removed 27 stack frames]]>
    </failure>
  </testcase> <!-- physical_Gifts_Card -->
</testsuite> <!-- testsuite-2 -->
