<?xml version="1.0" encoding="UTF-8"?>
<!-- Generated by org.testng.reporters.JUnitXMLReporter -->
<testsuite hostname="TestMac.local" name="Chefd" tests="3" failures="0" timestamp="11 Apr 2017 09:48:46 GMT" time="79.727" errors="0">
  <testcase name="how_it_works" time="28.33" classname="com.chefd.SanityCases"/>
  <testcase name="email_Gifts_Card" time="20.199" classname="com.chefd.SanityCases"/>
  <testcase name="add_Receipe_To_cart_from_AllMeals" time="21.256" classname="com.chefd.SanityCases"/>
</testsuite> <!-- Chefd -->
